{
  "stats": {
    "suites": 1,
    "tests": 1,
    "passes": 0,
    "pending": 0,
    "failures": 1,
    "start": "2026-05-03T05:12:16.501Z",
    "end": "2026-05-03T05:12:23.434Z",
    "duration": 6933,
    "testsRegistered": 1,
    "passPercent": 0,
    "pendingPercent": 0,
    "other": 0,
    "hasOther": false,
    "skipped": 0,
    "hasSkipped": false
  },
  "results": [
    {
      "uuid": "c0790c7d-1372-4095-8e4e-77aa6b730c3f",
      "title": "",
      "fullFile": "cypress\\e2e\\pagamento_checkout\\ct16_input_error.cy.js",
      "file": "cypress\\e2e\\pagamento_checkout\\ct16_input_error.cy.js",
      "beforeHooks": [],
      "afterHooks": [],
      "tests": [],
      "suites": [
        {
          "uuid": "80cae513-cec4-4c3b-a626-faef5ddf1bac",
          "title": "Página de confirmação, pagamento/checkout",
          "fullFile": "",
          "file": "",
          "beforeHooks": [],
          "afterHooks": [],
          "tests": [
            {
              "title": "user com problemas",
              "fullTitle": "Página de confirmação, pagamento/checkout user com problemas",
              "timedOut": null,
              "duration": 6822,
              "state": "failed",
              "speed": null,
              "pass": false,
              "fail": true,
              "pending": false,
              "context": null,
              "code": "cy.get('[data-test=\"username\"]').type(\"problem_user\");\ncy.get('[data-test=\"password\"]').type(\"secret_sauce\");\ncy.get('[data-test=\"login-button\"]').click();\n//adicionando 2 produtos \ncy.get('[data-test=\"add-to-cart-sauce-labs-backpack\"]').click();\ncy.get('[data-test=\"add-to-cart-sauce-labs-fleece-jacket\"]').click();\n//clicando no carrrinho\ncy.get('[data-test=\"shopping-cart-link\"]').click();\n// clicando em checkout\ncy.get('[data-test=\"checkout\"]').click();\n// garantindo clicks com campos preenchidos para a asserção.\ncy.get('[data-test=\"firstName\"]').type('Daniel').should('be.visible').and('have.value', 'Daniel');\ncy.get('[data-test=\"lastName\"]').type('Barreto').should('be.visible').and('have.value', 'Barreto');\ncy.get('[data-test=\"postalCode\"]').type('45567889').should('be.visible').and('have.value', '45567889');\ncy.get('[data-test=\"continue\"]').click();\ncy.get('[data-test=\"error\"]').should('exist').and('have.text', 'Error: First Name is required');\ncy.get('[data-test=\"error\"]').should('exist').and('have.text', 'Error: Last Name is required');\ncy.get('[data-test=\"error\"]').should('exist').and('have.text', 'Error: Postal Code is required');",
              "err": {
                "message": "AssertionError: Timed out retrying after 4000ms: expected '<input#last-name.input_error.form_input>' to have value 'Barreto', but the value was ''",
                "estack": "AssertionError: Timed out retrying after 4000ms: expected '<input#last-name.input_error.form_input>' to have value 'Barreto', but the value was ''\n    at Context.eval (webpack://qa_interface_e2e/./cypress/e2e/pagamento_checkout/ct16_input_error.cy.js:25:74)",
                "diff": "+ 'Barreto'\n"
              },
              "uuid": "f6ec6be3-645c-4cdb-bd61-456896232aef",
              "parentUUID": "80cae513-cec4-4c3b-a626-faef5ddf1bac",
              "isHook": false,
              "skipped": false
            }
          ],
          "suites": [],
          "passes": [],
          "failures": [
            "f6ec6be3-645c-4cdb-bd61-456896232aef"
          ],
          "pending": [],
          "skipped": [],
          "duration": 6822,
          "root": false,
          "rootEmpty": false,
          "_timeout": 2000
        }
      ],
      "passes": [],
      "failures": [],
      "pending": [],
      "skipped": [],
      "duration": 0,
      "root": true,
      "rootEmpty": true,
      "_timeout": 2000
    }
  ],
  "meta": {
    "mocha": {
      "version": "7.2.0"
    },
    "mochawesome": {
      "options": {
        "quiet": false,
        "reportFilename": "mochawesome",
        "saveHtml": true,
        "saveJson": true,
        "consoleReporter": "spec",
        "useInlineDiffs": false,
        "code": true
      },
      "version": "7.1.4"
    },
    "marge": {
      "options": {
        "reportDir": "cypress/results",
        "overwrite": false,
        "html": true,
        "json": true,
        "timestamp": "mmddyyyy_HHMMss"
      },
      "version": "6.3.2"
    }
  }
}