{
  "stats": {
    "suites": 1,
    "tests": 1,
    "passes": 1,
    "pending": 0,
    "failures": 0,
    "start": "2026-05-03T05:11:32.850Z",
    "end": "2026-05-03T05:11:35.370Z",
    "duration": 2520,
    "testsRegistered": 1,
    "passPercent": 100,
    "pendingPercent": 0,
    "other": 0,
    "hasOther": false,
    "skipped": 0,
    "hasSkipped": false
  },
  "results": [
    {
      "uuid": "1a597797-161f-47db-a6ea-843ad823b6ef",
      "title": "",
      "fullFile": "cypress\\e2e\\pagamento_checkout\\ct12_campos_vazios.cy.js",
      "file": "cypress\\e2e\\pagamento_checkout\\ct12_campos_vazios.cy.js",
      "beforeHooks": [],
      "afterHooks": [],
      "tests": [],
      "suites": [
        {
          "uuid": "cff85e6c-89f2-4839-94bb-6aa481f792eb",
          "title": "Página de confirmação, pagamento/checkout",
          "fullFile": "",
          "file": "",
          "beforeHooks": [],
          "afterHooks": [],
          "tests": [
            {
              "title": "Login válido",
              "fullTitle": "Página de confirmação, pagamento/checkout Login válido",
              "timedOut": null,
              "duration": 2419,
              "state": "passed",
              "speed": "fast",
              "pass": true,
              "fail": false,
              "pending": false,
              "context": null,
              "code": "cy.get('[data-test=\"username\"]').type(\"standard_user\");\ncy.get('[data-test=\"password\"]').type(\"secret_sauce\");\ncy.get('[data-test=\"login-button\"]').click();\n//adicionando 2 produtos \ncy.get('[data-test=\"add-to-cart-sauce-labs-backpack\"]').click();\ncy.get('[data-test=\"add-to-cart-sauce-labs-fleece-jacket\"]').click();\n//clicando no carrrinho\ncy.get('[data-test=\"shopping-cart-link\"]').click();\n// clicando em checkout\ncy.get('[data-test=\"checkout\"]').click();\n// garantindo clicks com campos não preenchidos para a asserção.\ncy.get('[data-test=\"firstName\"]').should('be.empty');\ncy.get('[data-test=\"lastName\"]').should('be.empty');\ncy.get('[data-test=\"postalCode\"]').should('be.empty');\ncy.get('[data-test=\"continue\"]').click();\ncy.get('.error-message-container').should('be.visible').and('contain', 'Error: First Name is required');",
              "err": {},
              "uuid": "cf884444-d58a-430f-ade8-ece00ca8f4e2",
              "parentUUID": "cff85e6c-89f2-4839-94bb-6aa481f792eb",
              "isHook": false,
              "skipped": false
            }
          ],
          "suites": [],
          "passes": [
            "cf884444-d58a-430f-ade8-ece00ca8f4e2"
          ],
          "failures": [],
          "pending": [],
          "skipped": [],
          "duration": 2419,
          "root": false,
          "rootEmpty": false,
          "_timeout": 2000
        }
      ],
      "passes": [],
      "failures": [],
      "pending": [],
      "skipped": [],
      "duration": 0,
      "root": true,
      "rootEmpty": true,
      "_timeout": 2000
    }
  ],
  "meta": {
    "mocha": {
      "version": "7.2.0"
    },
    "mochawesome": {
      "options": {
        "quiet": false,
        "reportFilename": "mochawesome",
        "saveHtml": true,
        "saveJson": true,
        "consoleReporter": "spec",
        "useInlineDiffs": false,
        "code": true
      },
      "version": "7.1.4"
    },
    "marge": {
      "options": {
        "reportDir": "cypress/results",
        "overwrite": false,
        "html": true,
        "json": true,
        "timestamp": "mmddyyyy_HHMMss"
      },
      "version": "6.3.2"
    }
  }
}