{
  "stats": {
    "suites": 1,
    "tests": 1,
    "passes": 0,
    "pending": 0,
    "failures": 1,
    "start": "2026-05-03T05:11:06.208Z",
    "end": "2026-05-03T05:11:12.970Z",
    "duration": 6762,
    "testsRegistered": 1,
    "passPercent": 0,
    "pendingPercent": 0,
    "other": 0,
    "hasOther": false,
    "skipped": 0,
    "hasSkipped": false
  },
  "results": [
    {
      "uuid": "4deed54a-dcf9-42c2-9e5c-8647c2240743",
      "title": "",
      "fullFile": "cypress\\e2e\\_tela_produtos_carrinho\\ct09_add_cart_bad.cy.js",
      "file": "cypress\\e2e\\_tela_produtos_carrinho\\ct09_add_cart_bad.cy.js",
      "beforeHooks": [],
      "afterHooks": [],
      "tests": [],
      "suites": [
        {
          "uuid": "0f94533a-cb3e-42cc-a859-2baddcbe4784",
          "title": "Tela de produtos - Saucedemo",
          "fullFile": "",
          "file": "",
          "beforeHooks": [],
          "afterHooks": [],
          "tests": [
            {
              "title": "Testando outro usuário para escolher produtos e add to cart",
              "fullTitle": "Tela de produtos - Saucedemo Testando outro usuário para escolher produtos e add to cart",
              "timedOut": null,
              "duration": 6682,
              "state": "failed",
              "speed": null,
              "pass": false,
              "fail": true,
              "pending": false,
              "context": null,
              "code": "cy.get('[data-test=\"username\"]').type(\"problem_user\"); //inserindo nome\ncy.get('[data-test=\"password\"]').type(\"secret_sauce\"); //inserindo senha   \ncy.get('[data-test=\"login-button\"]').click(); //clicando\ncy.get('[data-test^=\"add-to-cart\"]').each((elemento, indice) => {\n  const comparador = indice + 1;\n  cy.wrap(elemento).should(\"be.visible\").and(\"have.text\", 'Add to cart').click();\n  cy.get('[data-test=\"shopping-cart-badge\"]').should(\"exist\").and(\"be.visible\").and('have.text', comparador.toString());\n});",
              "err": {
                "message": "AssertionError: Timed out retrying after 4000ms: expected '<span.shopping_cart_badge>' to have text '3', but the text was '2'",
                "estack": "AssertionError: Timed out retrying after 4000ms: expected '<span.shopping_cart_badge>' to have text '3', but the text was '2'\n    at Context.eval (webpack://qa_interface_e2e/./cypress/e2e/_tela_produtos_carrinho/ct09_add_cart_bad.cy.js:23:13)\n    at Context.callback (https://www.saucedemo.com/__cypress/runner/cypress_runner.js:123034:26)\n    at getRet (https://www.saucedemo.com/__cypress/runner/cypress_runner.js:122799:20)\n    at tryCatcher (https://www.saucedemo.com/__cypress/runner/cypress_runner.js:1777:23)\n    at Promise.attempt.Promise.try (https://www.saucedemo.com/__cypress/runner/cypress_runner.js:4285:29)\n    at thenFn (https://www.saucedemo.com/__cypress/runner/cypress_runner.js:122810:66)\n    at yieldItem (https://www.saucedemo.com/__cypress/runner/cypress_runner.js:123042:16)\n    at tryCatcher (https://www.saucedemo.com/__cypress/runner/cypress_runner.js:1777:23)\n    at Object.gotValue (https://www.saucedemo.com/__cypress/runner/cypress_runner.js:6446:18)",
                "diff": "- '2'\n+ '3'\n"
              },
              "uuid": "c43c3e8b-3da2-42f4-b4f3-d0db72b0df6b",
              "parentUUID": "0f94533a-cb3e-42cc-a859-2baddcbe4784",
              "isHook": false,
              "skipped": false
            }
          ],
          "suites": [],
          "passes": [],
          "failures": [
            "c43c3e8b-3da2-42f4-b4f3-d0db72b0df6b"
          ],
          "pending": [],
          "skipped": [],
          "duration": 6682,
          "root": false,
          "rootEmpty": false,
          "_timeout": 2000
        }
      ],
      "passes": [],
      "failures": [],
      "pending": [],
      "skipped": [],
      "duration": 0,
      "root": true,
      "rootEmpty": true,
      "_timeout": 2000
    }
  ],
  "meta": {
    "mocha": {
      "version": "7.2.0"
    },
    "mochawesome": {
      "options": {
        "quiet": false,
        "reportFilename": "mochawesome",
        "saveHtml": true,
        "saveJson": true,
        "consoleReporter": "spec",
        "useInlineDiffs": false,
        "code": true
      },
      "version": "7.1.4"
    },
    "marge": {
      "options": {
        "reportDir": "cypress/results",
        "overwrite": false,
        "html": true,
        "json": true,
        "timestamp": "mmddyyyy_HHMMss"
      },
      "version": "6.3.2"
    }
  }
}