{
  "stats": {
    "suites": 1,
    "tests": 1,
    "passes": 0,
    "pending": 0,
    "failures": 1,
    "start": "2026-05-03T05:11:16.743Z",
    "end": "2026-05-03T05:11:18.890Z",
    "duration": 2147,
    "testsRegistered": 1,
    "passPercent": 0,
    "pendingPercent": 0,
    "other": 0,
    "hasOther": false,
    "skipped": 0,
    "hasSkipped": false
  },
  "results": [
    {
      "uuid": "91f18451-d4f4-44c2-afe6-35bbd1aae6f8",
      "title": "",
      "fullFile": "cypress\\e2e\\_tela_produtos_carrinho\\ct10_verificar_imagem_produto.cy.js",
      "file": "cypress\\e2e\\_tela_produtos_carrinho\\ct10_verificar_imagem_produto.cy.js",
      "beforeHooks": [],
      "afterHooks": [],
      "tests": [],
      "suites": [
        {
          "uuid": "6f46f854-6817-49ec-9b02-ecef6d921855",
          "title": "Tela de produtos - Saucedemo",
          "fullFile": "",
          "file": "",
          "beforeHooks": [],
          "afterHooks": [],
          "tests": [
            {
              "title": "Validando imagens dos produtos na loja",
              "fullTitle": "Tela de produtos - Saucedemo Validando imagens dos produtos na loja",
              "timedOut": null,
              "duration": 2046,
              "state": "failed",
              "speed": null,
              "pass": false,
              "fail": true,
              "pending": false,
              "context": null,
              "code": "cy.get('[data-test=\"username\"]').type(\"problem_user\"); //inserindo nome\ncy.get('[data-test=\"password\"]').type(\"secret_sauce\"); //inserindo senha   \ncy.get('[data-test=\"login-button\"]').click(); //clicando\nconst conteudo = [];\ncy.get('[data-test$=\"-img\"]').each(elemento => {\n  conteudo.push(elemento.attr('src')); // adicionando cada imagem de cada elemento pelo atributo na lista. \n}).then(() => {\n  expect(new Set(conteudo).size).to.be.greaterThan(1); // o push de itens iguais faz se sobreescrever restando apenas uma ao final da iteração.                                                 // o greaterThan espera que o tamanho da lista\n  // seja  maior que 1, caso contrario há duplicatas.\n}); // logo 1 é bug, e se forem igual em tamanho tudo certo, mostra que todas imagens são unicas",
              "err": {
                "message": "AssertionError: expected 1 to be above 1",
                "estack": "AssertionError: expected 1 to be above 1\n    at Context.eval (webpack://qa_interface_e2e/./cypress/e2e/_tela_produtos_carrinho/ct10_verificar_imagem_produto.cy.js:21:45)\n    at getRet (https://www.saucedemo.com/__cypress/runner/cypress_runner.js:122799:20)\n    at tryCatcher (https://www.saucedemo.com/__cypress/runner/cypress_runner.js:1777:23)\n    at Promise.attempt.Promise.try (https://www.saucedemo.com/__cypress/runner/cypress_runner.js:4285:29)\n    at Context.thenFn (https://www.saucedemo.com/__cypress/runner/cypress_runner.js:122810:66)\n    at Context.then (https://www.saucedemo.com/__cypress/runner/cypress_runner.js:123061:21)",
                "diff": ""
              },
              "uuid": "36257a6f-e0ef-469f-ba51-ce6f91752c82",
              "parentUUID": "6f46f854-6817-49ec-9b02-ecef6d921855",
              "isHook": false,
              "skipped": false
            }
          ],
          "suites": [],
          "passes": [],
          "failures": [
            "36257a6f-e0ef-469f-ba51-ce6f91752c82"
          ],
          "pending": [],
          "skipped": [],
          "duration": 2046,
          "root": false,
          "rootEmpty": false,
          "_timeout": 2000
        }
      ],
      "passes": [],
      "failures": [],
      "pending": [],
      "skipped": [],
      "duration": 0,
      "root": true,
      "rootEmpty": true,
      "_timeout": 2000
    }
  ],
  "meta": {
    "mocha": {
      "version": "7.2.0"
    },
    "mochawesome": {
      "options": {
        "quiet": false,
        "reportFilename": "mochawesome",
        "saveHtml": true,
        "saveJson": true,
        "consoleReporter": "spec",
        "useInlineDiffs": false,
        "code": true
      },
      "version": "7.1.4"
    },
    "marge": {
      "options": {
        "reportDir": "cypress/results",
        "overwrite": false,
        "html": true,
        "json": true,
        "timestamp": "mmddyyyy_HHMMss"
      },
      "version": "6.3.2"
    }
  }
}