{
  "stats": {
    "suites": 1,
    "tests": 1,
    "passes": 0,
    "pending": 0,
    "failures": 1,
    "start": "2026-05-03T05:12:05.048Z",
    "end": "2026-05-03T05:12:12.638Z",
    "duration": 7590,
    "testsRegistered": 1,
    "passPercent": 0,
    "pendingPercent": 0,
    "other": 0,
    "hasOther": false,
    "skipped": 0,
    "hasSkipped": false
  },
  "results": [
    {
      "uuid": "522e4dfb-fce7-4dc8-815f-1bd5df17dccc",
      "title": "",
      "fullFile": "cypress\\e2e\\pagamento_checkout\\ct15_campos_problem.cy.js",
      "file": "cypress\\e2e\\pagamento_checkout\\ct15_campos_problem.cy.js",
      "beforeHooks": [],
      "afterHooks": [],
      "tests": [],
      "suites": [
        {
          "uuid": "3e6b84f3-a8ea-4cd2-aaba-2aec8ed6a01f",
          "title": "Página de confirmação, pagamento/checkout",
          "fullFile": "",
          "file": "",
          "beforeHooks": [],
          "afterHooks": [],
          "tests": [
            {
              "title": "user com problemas",
              "fullTitle": "Página de confirmação, pagamento/checkout user com problemas",
              "timedOut": null,
              "duration": 7481,
              "state": "failed",
              "speed": null,
              "pass": false,
              "fail": true,
              "pending": false,
              "context": null,
              "code": "cy.get('[data-test=\"username\"]').type(\"problem_user\");\ncy.get('[data-test=\"password\"]').type(\"secret_sauce\");\ncy.get('[data-test=\"login-button\"]').click();\n//adicionando 2 produtos \ncy.get('[data-test=\"add-to-cart-sauce-labs-backpack\"]').click();\ncy.get('[data-test=\"add-to-cart-sauce-labs-fleece-jacket\"]').click();\n//clicando no carrrinho\ncy.get('[data-test=\"shopping-cart-link\"]').click();\n// clicando em checkout\ncy.get('[data-test=\"checkout\"]').click();\n// garantindo clicks com campos preenchidos para a asserção.\ncy.get('[data-test=\"firstName\"]').type('Ana');\ncy.get('[data-test=\"lastName\"]').type('Paula');\ncy.get('[data-test=\"postalCode\"]').type('55555555');\ncy.get('[data-test=\"continue\"]').click();\ncy.get('[data-test=\"error\"]').should('exist').and('have.text', 'Error: First Name is required');\ncy.get('[data-test=\"error\"]').should('exist').and('have.text', 'Error: Last Name is required');\ncy.get('[data-test=\"error\"]').should('exist').and('have.text', 'Error: Postal Code is required');",
              "err": {
                "message": "AssertionError: Timed out retrying after 4000ms: expected '<h3>' to have text 'Error: First Name is required', but the text was 'Error: Last Name is required'",
                "estack": "AssertionError: Timed out retrying after 4000ms: expected '<h3>' to have text 'Error: First Name is required', but the text was 'Error: Last Name is required'\n    at Context.eval (webpack://qa_interface_e2e/./cypress/e2e/pagamento_checkout/ct15_campos_problem.cy.js:28:50)",
                "diff": "- 'Error: Last Name is required'\n+ 'Error: First Name is required'\n"
              },
              "uuid": "8f370acd-3b91-4c38-bd50-e596f04fce9b",
              "parentUUID": "3e6b84f3-a8ea-4cd2-aaba-2aec8ed6a01f",
              "isHook": false,
              "skipped": false
            }
          ],
          "suites": [],
          "passes": [],
          "failures": [
            "8f370acd-3b91-4c38-bd50-e596f04fce9b"
          ],
          "pending": [],
          "skipped": [],
          "duration": 7481,
          "root": false,
          "rootEmpty": false,
          "_timeout": 2000
        }
      ],
      "passes": [],
      "failures": [],
      "pending": [],
      "skipped": [],
      "duration": 0,
      "root": true,
      "rootEmpty": true,
      "_timeout": 2000
    }
  ],
  "meta": {
    "mocha": {
      "version": "7.2.0"
    },
    "mochawesome": {
      "options": {
        "quiet": false,
        "reportFilename": "mochawesome",
        "saveHtml": true,
        "saveJson": true,
        "consoleReporter": "spec",
        "useInlineDiffs": false,
        "code": true
      },
      "version": "7.1.4"
    },
    "marge": {
      "options": {
        "reportDir": "cypress/results",
        "overwrite": false,
        "html": true,
        "json": true,
        "timestamp": "mmddyyyy_HHMMss"
      },
      "version": "6.3.2"
    }
  }
}