{
  "stats": {
    "suites": 1,
    "tests": 1,
    "passes": 1,
    "pending": 0,
    "failures": 0,
    "start": "2026-05-03T05:10:49.752Z",
    "end": "2026-05-03T05:10:54.379Z",
    "duration": 4627,
    "testsRegistered": 1,
    "passPercent": 100,
    "pendingPercent": 0,
    "other": 0,
    "hasOther": false,
    "skipped": 0,
    "hasSkipped": false
  },
  "results": [
    {
      "uuid": "206b0fbc-8aac-4d0a-9ecb-ece4c4a72eee",
      "title": "",
      "fullFile": "cypress\\e2e\\_tela_produtos_carrinho\\ct07_add_cart.cy.js",
      "file": "cypress\\e2e\\_tela_produtos_carrinho\\ct07_add_cart.cy.js",
      "beforeHooks": [],
      "afterHooks": [],
      "tests": [],
      "suites": [
        {
          "uuid": "3f27727b-01e1-4812-a97a-77a18db4c27f",
          "title": "Tela de produtos - Saucedemo",
          "fullFile": "",
          "file": "",
          "beforeHooks": [],
          "afterHooks": [],
          "tests": [
            {
              "title": "Adicionar itens ao carrinho e testar notificação da quantidade no cart",
              "fullTitle": "Tela de produtos - Saucedemo Adicionar itens ao carrinho e testar notificação da quantidade no cart",
              "timedOut": null,
              "duration": 4545,
              "state": "passed",
              "speed": "fast",
              "pass": true,
              "fail": false,
              "pending": false,
              "context": null,
              "code": "cy.get('[data-test=\"username\"]').type(\"standard_user\"); //inserindo nome\ncy.get('[data-test=\"password\"]').type(\"secret_sauce\"); //inserindo senha   \ncy.get('[data-test=\"login-button\"]').click(); //clicando\n/*****\n  cy.get('[data-test=\"add-to-cart-sauce-labs-backpack\"]').click();  \n  cy.get('[data-test=\"shopping-cart-badge\"]')\n   .should(\"exist\")                               aqui foi meu 1º teste um por um, estaticamente.\"\n   .and(\"be.visible\")            \n   .and('have.text','1')\n******/\ncy.get('[data-test^=\"add-to-cart\"]').each((elemento, indice) => {\n  const comparador = indice + 1;\n  cy.wrap(elemento).should(\"be.visible\").and(\"have.text\", 'Add to cart').click();\n  cy.get('[data-test=\"shopping-cart-badge\"]').should(\"exist\").and(\"be.visible\").and('have.text', comparador.toString()); // verificando e convertendo o valor em texto.\n  /* linha 23 Oolhando todos os elemento que contém add to cart,\n   linha 24 fazendo um contator/flag, como aqui começa contando do zero é a velha story do n+1 (:\n   linha 26 foi wrap pra envelopar o jquery retornado e clicando.\n   linha 28 até 31 asserção para a notificação da quantidade no icone do carrinho depois dos\n   verificando de incrementou.  Uhuuu  */\n});\ncy.get('[data-test=\"shopping-cart-link\"]').click();",
              "err": {},
              "uuid": "1267c5f2-cde7-401e-8d66-a365227c8849",
              "parentUUID": "3f27727b-01e1-4812-a97a-77a18db4c27f",
              "isHook": false,
              "skipped": false
            }
          ],
          "suites": [],
          "passes": [
            "1267c5f2-cde7-401e-8d66-a365227c8849"
          ],
          "failures": [],
          "pending": [],
          "skipped": [],
          "duration": 4545,
          "root": false,
          "rootEmpty": false,
          "_timeout": 2000
        }
      ],
      "passes": [],
      "failures": [],
      "pending": [],
      "skipped": [],
      "duration": 0,
      "root": true,
      "rootEmpty": true,
      "_timeout": 2000
    }
  ],
  "meta": {
    "mocha": {
      "version": "7.2.0"
    },
    "mochawesome": {
      "options": {
        "quiet": false,
        "reportFilename": "mochawesome",
        "saveHtml": true,
        "saveJson": true,
        "consoleReporter": "spec",
        "useInlineDiffs": false,
        "code": true
      },
      "version": "7.1.4"
    },
    "marge": {
      "options": {
        "reportDir": "cypress/results",
        "overwrite": false,
        "html": true,
        "json": true,
        "timestamp": "mmddyyyy_HHMMss"
      },
      "version": "6.3.2"
    }
  }
}