{
  "stats": {
    "suites": 1,
    "tests": 1,
    "passes": 1,
    "pending": 0,
    "failures": 0,
    "start": "2026-05-03T05:12:39.324Z",
    "end": "2026-05-03T05:12:40.935Z",
    "duration": 1611,
    "testsRegistered": 1,
    "passPercent": 100,
    "pendingPercent": 0,
    "other": 0,
    "hasOther": false,
    "skipped": 0,
    "hasSkipped": false
  },
  "results": [
    {
      "uuid": "d4278ad4-d139-4366-9242-a2e99a63dc5d",
      "title": "",
      "fullFile": "cypress\\e2e\\_login\\ct03_senha_invalida.cy.js",
      "file": "cypress\\e2e\\_login\\ct03_senha_invalida.cy.js",
      "beforeHooks": [],
      "afterHooks": [],
      "tests": [],
      "suites": [
        {
          "uuid": "6f64250b-1a1b-4632-af17-ba8e92560c70",
          "title": "Página de login Saucedemo",
          "fullFile": "",
          "file": "",
          "beforeHooks": [],
          "afterHooks": [],
          "tests": [
            {
              "title": "senha inválida - não deve entrar no sistema",
              "fullTitle": "Página de login Saucedemo senha inválida - não deve entrar no sistema",
              "timedOut": null,
              "duration": 1468,
              "state": "passed",
              "speed": "fast",
              "pass": true,
              "fail": false,
              "pending": false,
              "context": null,
              "code": "cy.get('[data-test=\"username\"]').type(\"locked_out_user\");\ncy.get('[data-test=\"password\"]').type(\"error\");\ncy.get('[data-test=\"login-button\"]').click();\ncy.get('[data-test=\"error\"]').should('be.visible').and('contain', 'Epic sadface: Username and password do not match any user in this service');",
              "err": {},
              "uuid": "6fe8346a-6056-4890-a295-b1c900946266",
              "parentUUID": "6f64250b-1a1b-4632-af17-ba8e92560c70",
              "isHook": false,
              "skipped": false
            }
          ],
          "suites": [],
          "passes": [
            "6fe8346a-6056-4890-a295-b1c900946266"
          ],
          "failures": [],
          "pending": [],
          "skipped": [],
          "duration": 1468,
          "root": false,
          "rootEmpty": false,
          "_timeout": 2000
        }
      ],
      "passes": [],
      "failures": [],
      "pending": [],
      "skipped": [],
      "duration": 0,
      "root": true,
      "rootEmpty": true,
      "_timeout": 2000
    }
  ],
  "meta": {
    "mocha": {
      "version": "7.2.0"
    },
    "mochawesome": {
      "options": {
        "quiet": false,
        "reportFilename": "mochawesome",
        "saveHtml": true,
        "saveJson": true,
        "consoleReporter": "spec",
        "useInlineDiffs": false,
        "code": true
      },
      "version": "7.1.4"
    },
    "marge": {
      "options": {
        "reportDir": "cypress/results",
        "overwrite": false,
        "html": true,
        "json": true,
        "timestamp": "mmddyyyy_HHMMss"
      },
      "version": "6.3.2"
    }
  }
}